<?xml version="1.0" encoding="UTF-8"?>
<testsuite name="ScrabbleScorerTest" tests="6" skipped="0" failures="0" errors="0" timestamp="2018-05-05T08:46:41" hostname="agnes-Latitude-E6430" time="0.014">
  <properties/>
  <testcase name="testCanSetWord" classname="ScrabbleScorerTest" time="0.004"/>
  <testcase name="testCanGetScore" classname="ScrabbleScorerTest" time="0.001"/>
  <testcase name="testDoesnotInstatiateWithNumbers" classname="ScrabbleScorerTest" time="0.002"/>
  <testcase name="testScrabbleScorerInstatiatesCorrectly" classname="ScrabbleScorerTest" time="0.001"/>
  <testcase name="testDoesnotInstatiateWithEmptyString" classname="ScrabbleScorerTest" time="0.0"/>
  <testcase name="testCanGetWord" classname="ScrabbleScorerTest" time="0.001"/>
  <system-out><![CDATA[]]></system-out>
  <system-err><![CDATA[]]></system-err>
</testsuite>
